<?xml version="1.0" encoding="UTF-8"?>
<!-- Generated by org.testng.reporters.JUnitXMLReporter -->
<testsuite ignored="2" hostname="LAPTOP-GP8QMA46" failures="0" tests="1" name="Default test" time="55.486" errors="0" timestamp="2025-04-27T12:12:10 IST">
  <testcase classname="sim.P1" name="s3" time="55.382"/>
  <testcase classname="sim.P1" name="s2" time="0.0">
    <ignored/>
  </testcase> <!-- s2 -->
  <testcase classname="sim.P1" name="s1" time="0.0">
    <ignored/>
  </testcase> <!-- s1 -->
</testsuite> <!-- Default test -->
