<?xml version="1.0" encoding="UTF-8"?>
<testng-results ignored="0" total="2" passed="2" failed="0" skipped="0">
  <reporter-output>
  </reporter-output>
  <suite started-at="2025-04-27T09:48:02 IST" name="Suite" finished-at="2025-04-27T09:48:06 IST" duration-ms="4415">
    <groups>
    </groups>
    <test started-at="2025-04-27T09:48:02 IST" name="Test" finished-at="2025-04-27T09:48:06 IST" duration-ms="4415">
      <class name="sim.P1">
        <test-method signature="s1()[pri:0, instance:sim.P1@43bc63a3]" started-at="2025-04-27T09:48:02 IST" name="s1" finished-at="2025-04-27T09:48:05 IST" duration-ms="3285" status="PASS">
          <reporter-output>
          </reporter-output>
        </test-method> <!-- s1 -->
        <test-method signature="s2()[pri:0, instance:sim.P1@43bc63a3]" started-at="2025-04-27T09:48:05 IST" name="s2" finished-at="2025-04-27T09:48:06 IST" duration-ms="1054" status="PASS">
          <reporter-output>
          </reporter-output>
        </test-method> <!-- s2 -->
      </class> <!-- sim.P1 -->
    </test> <!-- Test -->
  </suite> <!-- Suite -->
</testng-results>
