<?xml version="1.0" encoding="UTF-8"?>
<testng-results ignored="0" total="1" passed="1" failed="0" skipped="0">
  <reporter-output>
  </reporter-output>
  <suite started-at="2025-04-27T09:41:25 IST" name="Suite" finished-at="2025-04-27T09:41:35 IST" duration-ms="9141">
    <groups>
    </groups>
    <test started-at="2025-04-27T09:41:25 IST" name="Test" finished-at="2025-04-27T09:41:35 IST" duration-ms="9141">
      <class name="sim.P1">
        <test-method signature="s1()[pri:0, instance:sim.P1@a1cdc6d]" started-at="2025-04-27T09:41:26 IST" name="s1" finished-at="2025-04-27T09:41:35 IST" duration-ms="8968" status="PASS">
          <reporter-output>
          </reporter-output>
        </test-method> <!-- s1 -->
      </class> <!-- sim.P1 -->
    </test> <!-- Test -->
  </suite> <!-- Suite -->
</testng-results>
