<?xml version="1.0" encoding="UTF-8"?>
<testng-results ignored="0" total="1" passed="1" failed="0" skipped="0">
  <reporter-output>
  </reporter-output>
  <suite started-at="2025-04-27T12:11:14 IST" name="Default suite" finished-at="2025-04-27T12:12:10 IST" duration-ms="55486">
    <groups>
    </groups>
    <test started-at="2025-04-27T12:11:14 IST" name="Default test" finished-at="2025-04-27T12:12:10 IST" duration-ms="55486">
      <class name="sim.P1">
        <test-method signature="s3()[pri:0, instance:sim.P1@57250572]" started-at="2025-04-27T12:11:15 IST" name="s3" finished-at="2025-04-27T12:12:10 IST" duration-ms="55382" status="PASS">
          <reporter-output>
          </reporter-output>
        </test-method> <!-- s3 -->
      </class> <!-- sim.P1 -->
    </test> <!-- Default test -->
  </suite> <!-- Default suite -->
</testng-results>
